Running in Lattice mode


Starting:    C:\ispLEVER_Classic2_0\synpbase\win64\mbin\synbatch.exe
Install:     C:\ispLEVER_Classic2_0\synpbase
Date:        Mon May 07 13:30:47 2018
Version:     I-2014.03LC 

Arguments:   -product synplify_pro  -batch c:/users/eduardo sanchez/documents/facultad/2018-2/dl/proyecto 2 - copiadora - comparador\copiadora.prj
ProductType: synplify_pro





log file: "C:\users\eduardo sanchez\documents\facultad\2018-2\dl\proyecto 2 - copiadora - comparador\copiadora.srr"

Running copiadora|proyecto 2 - copiadora - comparador

Running: Compile on copiadora|proyecto 2 - copiadora - comparador

Running: Compile Process on copiadora|proyecto 2 - copiadora - comparador

Running: Compile Input on copiadora|proyecto 2 - copiadora - comparador
Copied C:\users\eduardo sanchez\documents\facultad\2018-2\dl\proyecto 2 - copiadora - comparador\synwork\copiadora_comp.srs to C:\users\eduardo sanchez\documents\facultad\2018-2\dl\proyecto 2 - copiadora - comparador\copiadora.srs
compiler Completed
Return Code: 0
Run Time:0h:00m:01s

Running: Multi-srs Generator on copiadora|proyecto 2 - copiadora - comparador
Copied C:\users\eduardo sanchez\documents\facultad\2018-2\dl\proyecto 2 - copiadora - comparador\synwork\copiadora_comp.srs to C:\users\eduardo sanchez\documents\facultad\2018-2\dl\proyecto 2 - copiadora - comparador\synwork\copiadora_s.srs
multi_srs_gen Completed
Return Code: 0
Run Time:0h:00m:01s
Copied C:\users\eduardo sanchez\documents\facultad\2018-2\dl\proyecto 2 - copiadora - comparador\synwork\copiadora_mult.srs to C:\users\eduardo sanchez\documents\facultad\2018-2\dl\proyecto 2 - copiadora - comparador\copiadora.srs
Copied C:\users\eduardo sanchez\documents\facultad\2018-2\dl\proyecto 2 - copiadora - comparador\copiadora.srr to C:\users\eduardo sanchez\documents\facultad\2018-2\dl\proyecto 2 - copiadora - comparador\copiadora.srf
Complete: Compile Process on copiadora|proyecto 2 - copiadora - comparador
Complete: Compile on copiadora|proyecto 2 - copiadora - comparador

Running: Map on copiadora|proyecto 2 - copiadora - comparador

Running: Map & Optimize on copiadora|proyecto 2 - copiadora - comparador
fpga_mapper Completed
Return Code: 0
Run Time:0h:00m:01s
Complete: Map on copiadora|proyecto 2 - copiadora - comparador
Complete: Logic Synthesis on copiadora|proyecto 2 - copiadora - comparador

exit status=0

exit status=0

