Running in Lattice mode


Starting:    C:\ispLEVER_Classic2_0\synpbase\win64\mbin\synbatch.exe
Install:     C:\ispLEVER_Classic2_0\synpbase
Date:        Wed May 02 22:21:34 2018
Version:     I-2014.03LC 

Arguments:   -product synplify_pro  -batch c:/users/eduardo sanchez/documents/facultad/2018-2/dl/proyecto 2 - copiadora\unam.prj
ProductType: synplify_pro





log file: "C:\users\eduardo sanchez\documents\facultad\2018-2\dl\proyecto 2 - copiadora\unam.srr"

Running unam|proyecto 2 - copiadora

Running: Compile on unam|proyecto 2 - copiadora

Running: Compile Process on unam|proyecto 2 - copiadora

Running: Compile Input on unam|proyecto 2 - copiadora
Copied C:\users\eduardo sanchez\documents\facultad\2018-2\dl\proyecto 2 - copiadora\synwork\unam_comp.srs to C:\users\eduardo sanchez\documents\facultad\2018-2\dl\proyecto 2 - copiadora\unam.srs
compiler Completed
Return Code: 0
Run Time:0h:00m:02s

Running: Multi-srs Generator on unam|proyecto 2 - copiadora
Copied C:\users\eduardo sanchez\documents\facultad\2018-2\dl\proyecto 2 - copiadora\synwork\unam_comp.srs to C:\users\eduardo sanchez\documents\facultad\2018-2\dl\proyecto 2 - copiadora\synwork\unam_s.srs
multi_srs_gen Completed
Return Code: 0
Run Time:0h:00m:00s
Copied C:\users\eduardo sanchez\documents\facultad\2018-2\dl\proyecto 2 - copiadora\synwork\unam_mult.srs to C:\users\eduardo sanchez\documents\facultad\2018-2\dl\proyecto 2 - copiadora\unam.srs
Copied C:\users\eduardo sanchez\documents\facultad\2018-2\dl\proyecto 2 - copiadora\unam.srr to C:\users\eduardo sanchez\documents\facultad\2018-2\dl\proyecto 2 - copiadora\unam.srf
Complete: Compile Process on unam|proyecto 2 - copiadora
Complete: Compile on unam|proyecto 2 - copiadora

Running: Map on unam|proyecto 2 - copiadora

Running: Map & Optimize on unam|proyecto 2 - copiadora
fpga_mapper Completed
Return Code: 0
Run Time:0h:00m:01s
Complete: Map on unam|proyecto 2 - copiadora
Copied C:\users\eduardo sanchez\documents\facultad\2018-2\dl\proyecto 2 - copiadora\unam.srr to C:\users\eduardo sanchez\documents\facultad\2018-2\dl\proyecto 2 - copiadora\unam.srf
Complete: Logic Synthesis on unam|proyecto 2 - copiadora

exit status=0

exit status=0

